<?xml version="1.0" encoding="UTF-8"?>
<testng-results ignored="0" total="1" passed="1" failed="0" skipped="0">
  <reporter-output>
  </reporter-output>
  <suite started-at="2024-06-11T07:15:11 IST" name="Default suite" finished-at="2024-06-11T07:15:20 IST" duration-ms="9117">
    <groups>
    </groups>
    <test started-at="2024-06-11T07:15:11 IST" name="Default test" finished-at="2024-06-11T07:15:20 IST" duration-ms="9117">
      <class name="Framework_Sample.TestNG1.driverOpen">
        <test-method is-config="true" signature="openWebsite()[pri:0, instance:Framework_Sample.TestNG1.driverOpen@38af9828]" started-at="2024-06-11T07:15:11 IST" name="openWebsite" finished-at="2024-06-11T07:15:20 IST" duration-ms="8839" status="PASS">
          <reporter-output>
          </reporter-output>
        </test-method> <!-- openWebsite -->
        <test-method signature="test()[pri:0, instance:Framework_Sample.TestNG1.driverOpen@38af9828]" started-at="2024-06-11T07:15:20 IST" name="test" finished-at="2024-06-11T07:15:20 IST" duration-ms="12" status="PASS">
          <reporter-output>
          </reporter-output>
        </test-method> <!-- test -->
        <test-method is-config="true" signature="closewebsite()[pri:0, instance:Framework_Sample.TestNG1.driverOpen@38af9828]" started-at="2024-06-11T07:15:20 IST" name="closewebsite" finished-at="2024-06-11T07:15:20 IST" duration-ms="201" status="PASS">
          <reporter-output>
          </reporter-output>
        </test-method> <!-- closewebsite -->
      </class> <!-- Framework_Sample.TestNG1.driverOpen -->
    </test> <!-- Default test -->
  </suite> <!-- Default suite -->
</testng-results>
